applocknew/build/outputs/mapping/release/seeds.txt
com.ivymobi.applock.free.BuildConfig
com.ivymobi.applock.free.R
com.ivymobi.applock.free.R: R()
com.ivymobi.applock.free.R$anim
com.ivymobi.applock.free.R$anim: int abc_fade_in
com.ivymobi.applock.free.R$anim: int abc_fade_out
com.ivymobi.applock.free.R$anim: int abc_grow_fade_in_from_bottom
com.ivymobi.applock.free.R$anim: int abc_popup_enter
com.ivymobi.applock.free.R$anim: int abc_popup_exit
com.ivymobi.applock.free.R$anim: int abc_shrink_fade_out_from_bottom
com.ivymobi.applock.free.R$anim: int abc_slide_in_bottom
com.ivymobi.applock.free.R$anim: int abc_slide_in_top
com.ivymobi.applock.free.R$anim: int abc_slide_out_bottom
com.ivymobi.applock.free.R$anim: int abc_slide_out_top
com.ivymobi.applock.free.R$anim: int ad_loading
com.ivymobi.applock.free.R$anim: int design_bottom_sheet_slide_in
com.ivymobi.applock.free.R$anim: int design_bottom_sheet_slide_out
com.ivymobi.applock.free.R$anim: int design_fab_in
com.ivymobi.applock.free.R$anim: int design_fab_out
com.ivymobi.applock.free.R$anim: int design_snackbar_in
com.ivymobi.applock.free.R$anim: int design_snackbar_out
com.ivymobi.applock.free.R$anim: int ivy_module_huojian_dialog_appear
com.ivymobi.applock.free.R$anim: int ivy_module_huojian_dialog_disappear
com.ivymobi.applock.free.R$anim: int ivy_module_huojian_fade_in
com.ivymobi.applock.free.R$anim: int ivy_module_huojian_fade_out
com.ivymobi.applock.free.R$anim: int ivy_module_huojian_pop
com.ivymobi.applock.free.R$anim: int ivy_module_huojian_text_pop
com.ivymobi.applock.free.R$anim: int security_chosetheme_in_
com.ivymobi.applock.free.R$array
com.ivymobi.applock.free.R$array: int brief_slot
com.ivymobi.applock.free.R$array: int brief_slot_idx
com.ivymobi.applock.free.R$array: int fake_icons
com.ivymobi.applock.free.R$array: int suo_invade_st_
com.ivymobi.applock.free.R$array: int suo_ruqinzhe_slot
com.ivymobi.applock.free.R$array: R$array()
com.ivymobi.applock.free.R$attr
com.ivymobi.applock.free.R$attr: int actionBarDivider
com.ivymobi.applock.free.R$attr: int actionBarItemBackground
com.ivymobi.applock.free.R$attr: int actionBarPopupTheme
com.ivymobi.applock.free.R$attr: int actionBarSize
com.ivymobi.applock.free.R$attr: int actionBarSplitStyle
com.ivymobi.applock.free.R$attr: int actionBarStyle
com.ivymobi.applock.free.R$attr: int actionBarTabBarStyle
com.ivymobi.applock.free.R$attr: int actionBarTabStyle
com.ivymobi.applock.free.R$attr: int actionBarTabTextStyle
com.ivymobi.applock.free.R$attr: int actionBarTheme
com.ivymobi.applock.free.R$attr: int actionBarWidgetTheme
com.ivymobi.applock.free.R$attr: int actionButtonStyle
com.ivymobi.applock.free.R$attr: int actionDropDownStyle
com.ivymobi.applock.free.R$attr: int actionLayout
com.ivymobi.applock.free.R$attr: int actionMenuTextAppearance
com.ivymobi.applock.free.R$attr: int actionMenuTextColor
com.ivymobi.applock.free.R$attr: int actionModeBackground
com.ivymobi.applock.free.R$attr: int actionModeCloseButtonStyle
com.ivymobi.applock.free.R$attr: int actionModeCloseDrawable
com.ivymobi.applock.free.R$attr: int actionModeCopyDrawable
com.ivymobi.applock.free.R$attr: int actionModeCutDrawable
com.ivymobi.applock.free.R$attr: int actionModeFindDrawable
com.ivymobi.applock.free.R$attr: int actionModePasteDrawable
com.ivymobi.applock.free.R$attr: int actionModePopupWindowStyle
com.ivymobi.applock.free.R$attr: int actionModeSelectAllDrawable
...
com.mingle.skin.hepler.SkinCompat
com.mingle.skin.hepler.SkinCompat$SkinStyleChangeListener
com.mingle.skin.hepler.SkinHelper
com.mingle.skin.hepler.TextViewSkinHelper
com.mingle.skin.hepler.ViewSkinHelper
com.mingle.widget.Button
com.mingle.widget.Button: Button(android.content.Context,android.util.AttributeSet)
com.mingle.widget.Button: Button(android.content.Context,android.util.AttributeSet,int)
com.mingle.widget.Button: void setOnClickListener(android.view.View$OnClickListener)
com.mingle.widget.Button: void setSkinStyle(com.mingle.skin.SkinStyle)
com.mingle.widget.CheckBox
com.mingle.widget.CheckBox: CheckBox(android.content.Context,android.util.AttributeSet)
com.mingle.widget.CheckBox: CheckBox(android.content.Context,android.util.AttributeSet,int)
com.mingle.widget.CheckBox: void setOnClickListener(android.view.View$OnClickListener)
com.mingle.widget.CheckBox: void setSkinStyle(com.mingle.skin.SkinStyle)
com.mingle.widget.CheckedTextView
com.mingle.widget.CheckedTextView: CheckedTextView(android.content.Context,android.util.AttributeSet)
com.mingle.widget.CheckedTextView: CheckedTextView(android.content.Context,android.util.AttributeSet,int)
com.mingle.widget.CheckedTextView: void setOnClickListener(android.view.View$OnClickListener)
com.mingle.widget.CheckedTextView: void setSkinStyle(com.mingle.skin.SkinStyle)
com.mingle.widget.CompleteTextView
com.mingle.widget.CompleteTextView: CompleteTextView(android.content.Context,android.util.AttributeSet)
com.mingle.widget.CompleteTextView: CompleteTextView(android.content.Context,android.util.AttributeSet,int)
com.mingle.widget.CompleteTextView: void setOnClickListener(android.view.View$OnClickListener)
com.mingle.widget.CompleteTextView: void setSkinStyle(com.mingle.skin.SkinStyle)
com.mingle.widget.EditText
com.mingle.widget.EditText: EditText(android.content.Context,android.util.AttributeSet)
com.mingle.widget.EditText: EditText(android.content.Context,android.util.AttributeSet,int)
com.mingle.widget.EditText: void setOnClickListener(android.view.View$OnClickListener)
com.mingle.widget.EditText: void setSkinStyle(com.mingle.skin.SkinStyle)
com.mingle.widget.FrameLayout
com.mingle.widget.FrameLayout: FrameLayout(android.content.Context,android.util.AttributeSet)
com.mingle.widget.FrameLayout: FrameLayout(android.content.Context,android.util.AttributeSet,int)
com.mingle.widget.FrameLayout: void setOnClickListener(android.view.View$OnClickListener)
com.mingle.widget.FrameLayout: void setSkinStyle(com.mingle.skin.SkinStyle)
com.mingle.widget.FrameLayout$SLayoutParams
com.mingle.widget.ImageButton
com.mingle.widget.ImageButton: ImageButton(android.content.Context,android.util.AttributeSet)
com.mingle.widget.ImageButton: ImageButton(android.content.Context,android.util.AttributeSet,int)
com.mingle.widget.ImageButton: void setOnClickListener(android.view.View$OnClickListener)
com.mingle.widget.ImageButton: void setSkinStyle(com.mingle.skin.SkinStyle)
com.mingle.widget.ImageView
com.mingle.widget.ImageView: ImageView(android.content.Context,android.util.AttributeSet)
com.mingle.widget.ImageView: ImageView(android.content.Context,android.util.AttributeSet,int)
com.mingle.widget.ImageView: void setOnClickListener(android.view.View$OnClickListener)
com.mingle.widget.ImageView: void setSkinStyle(com.mingle.skin.SkinStyle)
com.mingle.widget.LinearLayout
com.mingle.widget.LinearLayout: LinearLayout(android.content.Context,android.util.AttributeSet)
com.mingle.widget.LinearLayout: LinearLayout(android.content.Context,android.util.AttributeSet,int)
com.mingle.widget.LinearLayout: void setDividerDrawable(android.graphics.drawable.Drawable)
com.mingle.widget.LinearLayout: void setOnClickListener(android.view.View$OnClickListener)
com.mingle.widget.LinearLayout: void setSkinStyle(com.mingle.skin.SkinStyle)
com.mingle.widget.LinearLayout$SLayoutParams