applocknew/build/outputs/mapping/release/usage.txt
com.ivymobi.applock.free.BuildConfig
com.privacy.lock.aidl.IWorker$Stub:
    private static final java.lang.String DESCRIPTOR
    static final int TRANSACTION_notifyApplockUpdate
    static final int TRANSACTION_toggleProtectStatus
    static final int TRANSACTION_updateProtectStatus
    static final int TRANSACTION_showNotification
    static final int TRANSACTION_unlockApp
    static final int TRANSACTION_unlockLastApp
    static final int TRANSACTION_homeDisplayed
    static final int TRANSACTION_notifyShowWidget
com.privacy.lock.aidl.IWorker$Stub$Proxy:
    129:129:public java.lang.String getInterfaceDescriptor()
...
com.ivy.module.tweenengine.TweenEquation:
    26:26:public boolean isValueOf(java.lang.String)
com.ivy.module.tweenengine.TweenManager:
    34:35:public static void setAutoRemove(com.ivy.module.tweenengine.BaseTween,boolean)
    44:45:public static void setAutoStart(com.ivy.module.tweenengine.BaseTween,boolean)
    70:74:public boolean containsTarget(java.lang.Object)
    82:86:public boolean containsTarget(java.lang.Object,int)
    93:97:public void killAll()
    104:108:public void killTarget(java.lang.Object)
    116:120:public void killTarget(java.lang.Object,int)
    126:127:public void ensureCapacity(int)
    133:134:public void pause()
    140:141:public void resume()
    185:185:public int size()
    195:195:public int getRunningTweensCount()
    205:205:public int getRunningTimelinesCount()
    214:214:public java.util.List getObjects()
    222:228:private static int getTweensCount(java.util.List)
    232:239:private static int getTimelinesCount(java.util.List)
com.ivy.module.tweenengine.TweenUtils
com.ivy.module.tweenengine.equations.Back:
    56:57:public com.ivy.module.tweenengine.equations.Back s(float)
com.ivy.module.tweenengine.equations.Elastic:
    private static final float PI
    76:78:public com.ivy.module.tweenengine.equations.Elastic a(float)
    82:84:public com.ivy.module.tweenengine.equations.Elastic p(float)
com.ivy.module.tweenengine.equations.Sine:
    private static final float PI
com.ivy.module.tweenengine.primitives.MutableFloat
com.ivy.module.tweenengine.primitives.MutableInteger
com.ivy.permission.PermissionInfo:
    16:20:public PermissionInfo(java.lang.String,java.lang.String,boolean)
com.ivy.permission.PermissionUtils:
    public static final java.lang.String IVY_PERMISSION_USAGE_ACCESS_SETTINGS
    public static final java.lang.String IVY_PERMISSION_ACCESS_SERVICE
    29:29:public PermissionUtils()
com.ivy.ui.BuildConfig
com.ivy.ui.imageview.RoundImageView:
    private static final int DEFAULT_BORDER_COLOR
com.ivy.ui.tabcontainer.TabContainer:
    private static final java.lang.String TAG
    23:44:public TabContainer(android.content.Context)
    62:63:public com.ivy.ui.tabcontainer.TabContainer setFirstSelectedIndex(int)
    71:91:public com.ivy.ui.tabcontainer.TabContainer addTabItem(com.ivy.ui.tabcontainer.TabItemEntity)
    95:119:public com.ivy.ui.tabcontainer.TabContainer setTabItemDatas(java.util.ArrayList)
com.ivy.ui.tabcontainer.TabItemEntity:
    public int text
    16:20:public TabItemEntity(int,int,int)
com.ivy.ui.tabcontainer.TabItemView:
    46:47:public com.ivy.ui.tabcontainer.TabItemView setTabText(int)
com.ivy.ui.textview.LabelView:
    private static final int DEFAULT_DEGREES
    126:126:public boolean isTextBold()
    130:130:public boolean isFillTriangle()
    134:134:public boolean isTextAllCaps()
com.ivy.util.Constants
com.ivy.util.JsonParser:
    25:25:public java.lang.Object fromJson(byte[],java.lang.Class)